Using pre-set license
Built from '2020.3/staging' branch; Version is '2020.3.8f1 (507919d4fff5) revision 5273881'; Using compiler version '192528614'; Build Type 'Release'
OS: 'Windows 10 Home Single Language; OS build 16299.1087; Version 1709; 64bit' Language: 'ru' Physical Memory: 7645 MB
BatchMode: 1, IsHumanControllingUs: 0, StartBugReporterOnCrash: 0, Is64bit: 1, IsPro: 0

 COMMAND LINE ARGUMENTS:
C:\Program Files\Unity\Hub\Editor\2020.3.8f1\Editor\Unity.exe
-adb2
-batchMode
-noUpm
-name
AssetImportWorker0
-projectPath
C:/Users/NONAME/Desktop/thelooping-unity-main/farmball
-logFile
Logs/AssetImportWorker0.log
-srvPort
60552
Successfully changed project path to: C:/Users/NONAME/Desktop/thelooping-unity-main/farmball
C:/Users/NONAME/Desktop/thelooping-unity-main/farmball
Using Asset Import Pipeline V2.
Refreshing native plugins compatible for Editor in 130.61 ms, found 0 plugins.
Preloading 0 native plugins for Editor in 0.00 ms.
Initialize engine version: 2020.3.8f1 (507919d4fff5)
[Subsystems] Discovering subsystems at path C:/Program Files/Unity/Hub/Editor/2020.3.8f1/Editor/Data/Resources/UnitySubsystems
[Subsystems] Discovering subsystems at path C:/Users/NONAME/Desktop/thelooping-unity-main/farmball/Assets
GfxDevice: creating device client; threaded=0
Direct3D:
    Version:  Direct3D 11.0 [level 11.1]
    Renderer: AMD Radeon(TM) R4 Graphics (ID=0x98e4)
    Vendor:   
    VRAM:     500 MB
    Driver:   22.19.180.513
Initialize mono
Mono path[0] = 'C:/Program Files/Unity/Hub/Editor/2020.3.8f1/Editor/Data/Managed'
Mono path[1] = 'C:/Program Files/Unity/Hub/Editor/2020.3.8f1/Editor/Data/MonoBleedingEdge/lib/mono/unityjit'
Mono config path = 'C:/Program Files/Unity/Hub/Editor/2020.3.8f1/Editor/Data/MonoBleedingEdge/etc'
Using monoOptions --debugger-agent=transport=dt_socket,embedding=1,server=y,suspend=n,address=127.0.0.1:56768
Begin MonoManager ReloadAssembly
Registering precompiled unity dll's ...
Register platform support module: C:/Program Files/Unity/Hub/Editor/2020.3.8f1/Editor/Data/PlaybackEngines/WindowsStandaloneSupport/UnityEditor.WindowsStandalone.Extensions.dll
Registered in 0.007307 seconds.
Native extension for WindowsStandalone target not found
Refreshing native plugins compatible for Editor in 110.13 ms, found 0 plugins.
Preloading 0 native plugins for Editor in 0.00 ms.
Mono: successfully reloaded assembly
- Completed reload, in 11.968 seconds
Platform modules already initialized, skipping
Registering precompiled user dll's ...
Registered in 0.002072 seconds.
Begin MonoManager ReloadAssembly
Native extension for WindowsStandalone target not found
Refreshing native plugins compatible for Editor in 0.47 ms, found 0 plugins.
Preloading 0 native plugins for Editor in 0.00 ms.
Mono: successfully reloaded assembly
- Completed reload, in  2.349 seconds
Platform modules already initialized, skipping
========================================================================
Worker process is ready to serve import requests
Shader 'TextMeshPro/Distance Field Overlay': fallback shader 'TextMeshPro/Mobile/Distance Field' not found
Shader 'TextMeshPro/Distance Field SSD': fallback shader 'TextMeshPro/Mobile/Distance Field' not found
Shader 'TextMeshPro/Distance Field': fallback shader 'TextMeshPro/Mobile/Distance Field' not found
Launched and connected shader compiler UnityShaderCompiler.exe after 0.07 seconds
Refreshing native plugins compatible for Editor in 0.46 ms, found 0 plugins.
Preloading 0 native plugins for Editor in 0.00 ms.
Unloading 1130 Unused Serialized files (Serialized files now loaded: 0)
System memory in use before: 59.6 MB.
System memory in use after: 59.0 MB.

Unloading 23 unused Assets to reduce memory usage. Loaded Objects now: 1559.
Total: 3.971959 ms (FindLiveObjects: 0.332809 ms CreateObjectMapping: 0.077149 ms MarkObjects: 2.838520 ms  DeleteObjects: 0.720607 ms)

========================================================================
Received Import Request.
  path: Assets/Materials/mat3.mat
  artifactKey: Guid(83d73b9a5f7ad4d428fd85017412fcb5) Importer(815301076,1909f56bfc062723c751e8b465ee728b)
Start importing Assets/Materials/mat3.mat using Guid(83d73b9a5f7ad4d428fd85017412fcb5) Importer(815301076,1909f56bfc062723c751e8b465ee728b)  -> (artifact id: 'f21416503289ad88ebe058ba20d91a7e') in 0.767092 seconds
  Import took 0.778293 seconds .

========================================================================
Received Prepare
Registering precompiled user dll's ...
Registered in 0.001965 seconds.
Begin MonoManager ReloadAssembly
Native extension for WindowsStandalone target not found
Refreshing native plugins compatible for Editor in 0.98 ms, found 0 plugins.
Preloading 0 native plugins for Editor in 0.00 ms.
Mono: successfully reloaded assembly
- Completed reload, in  3.033 seconds
Platform modules already initialized, skipping
Refreshing native plugins compatible for Editor in 0.64 ms, found 0 plugins.
Preloading 0 native plugins for Editor in 0.00 ms.
Unloading 1126 Unused Serialized files (Serialized files now loaded: 0)
System memory in use before: 62.8 MB.
System memory in use after: 62.2 MB.

Unloading 18 unused Assets to reduce memory usage. Loaded Objects now: 1603.
Total: 5.662267 ms (FindLiveObjects: 0.446481 ms CreateObjectMapping: 0.098488 ms MarkObjects: 4.229260 ms  DeleteObjects: 0.884345 ms)

========================================================================
Received Import Request.
  Time since last request: 746.614831 seconds.
  path: Assets/GreenZone.cs
  artifactKey: Guid(a713a9be1b8e9f447bcbccb77686cf9e) Importer(815301076,1909f56bfc062723c751e8b465ee728b)
Start importing Assets/GreenZone.cs using Guid(a713a9be1b8e9f447bcbccb77686cf9e) Importer(815301076,1909f56bfc062723c751e8b465ee728b)  -> (artifact id: 'bae467883eae57e9188a91aadd68d9b2') in 0.114863 seconds
  Import took 0.120570 seconds .

========================================================================
Received Prepare
Registering precompiled user dll's ...
Registered in 0.004611 seconds.
Begin MonoManager ReloadAssembly
Native extension for WindowsStandalone target not found
Refreshing native plugins compatible for Editor in 0.77 ms, found 0 plugins.
Preloading 0 native plugins for Editor in 0.00 ms.
Mono: successfully reloaded assembly
- Completed reload, in  3.151 seconds
Platform modules already initialized, skipping
Refreshing native plugins compatible for Editor in 0.58 ms, found 0 plugins.
Preloading 0 native plugins for Editor in 0.00 ms.
Unloading 1126 Unused Serialized files (Serialized files now loaded: 0)
System memory in use before: 62.8 MB.
System memory in use after: 62.3 MB.

Unloading 18 unused Assets to reduce memory usage. Loaded Objects now: 1606.
Total: 8.379319 ms (FindLiveObjects: 0.464948 ms CreateObjectMapping: 0.148553 ms MarkObjects: 6.309419 ms  DeleteObjects: 1.450653 ms)

========================================================================
Received Import Request.
  Time since last request: 37.873237 seconds.
  path: Assets/GreenZone.cs
  artifactKey: Guid(a713a9be1b8e9f447bcbccb77686cf9e) Importer(815301076,1909f56bfc062723c751e8b465ee728b)
Start importing Assets/GreenZone.cs using Guid(a713a9be1b8e9f447bcbccb77686cf9e) Importer(815301076,1909f56bfc062723c751e8b465ee728b)  -> (artifact id: '03f2141783e95315ad0e33c316a06b12') in 0.018161 seconds
  Import took 0.022912 seconds .

========================================================================
Received Import Request.
  Time since last request: 0.007486 seconds.
  path: Assets/TextMesh Pro/Fonts/LiberationSans.ttf
  artifactKey: Guid(e3265ab4bf004d28a9537516768c1c75) Importer(815301076,1909f56bfc062723c751e8b465ee728b)
Start importing Assets/TextMesh Pro/Fonts/LiberationSans.ttf using Guid(e3265ab4bf004d28a9537516768c1c75) Importer(815301076,1909f56bfc062723c751e8b465ee728b)  -> (artifact id: '1545d9d30191816af9288526690ca05f') in 0.380163 seconds
  Import took 0.385736 seconds .

========================================================================
Received Import Request.
  Time since last request: 0.000484 seconds.
  path: Assets/TextMesh Pro/Resources/Fonts & Materials/LiberationSans SDF - Outline.mat
  artifactKey: Guid(79459efec17a4d00a321bdcc27bbc385) Importer(815301076,1909f56bfc062723c751e8b465ee728b)
Start importing Assets/TextMesh Pro/Resources/Fonts & Materials/LiberationSans SDF - Outline.mat using Guid(79459efec17a4d00a321bdcc27bbc385) Importer(815301076,1909f56bfc062723c751e8b465ee728b)  -> (artifact id: '289988fcecf3b00d1602f8d2b589f7dd') in 0.338419 seconds
  Import took 0.345147 seconds .

========================================================================
Received Import Request.
  Time since last request: 0.000418 seconds.
  path: Assets/TextMesh Pro/Resources/Fonts & Materials/LiberationSans SDF - Fallback.asset
  artifactKey: Guid(2e498d1c8094910479dc3e1b768306a4) Importer(815301076,1909f56bfc062723c751e8b465ee728b)
Start importing Assets/TextMesh Pro/Resources/Fonts & Materials/LiberationSans SDF - Fallback.asset using Guid(2e498d1c8094910479dc3e1b768306a4) Importer(815301076,1909f56bfc062723c751e8b465ee728b)  -> (artifact id: 'b8c2210586957436df79bf961aeff06e') in 0.195926 seconds
  Import took 0.201381 seconds .

========================================================================
Received Import Request.
  Time since last request: 0.000422 seconds.
  path: Assets/TextMesh Pro/Resources/Fonts & Materials/LiberationSans SDF - Drop Shadow.mat
  artifactKey: Guid(e73a58f6e2794ae7b1b7e50b7fb811b0) Importer(815301076,1909f56bfc062723c751e8b465ee728b)
Start importing Assets/TextMesh Pro/Resources/Fonts & Materials/LiberationSans SDF - Drop Shadow.mat using Guid(e73a58f6e2794ae7b1b7e50b7fb811b0) Importer(815301076,1909f56bfc062723c751e8b465ee728b)  -> (artifact id: 'ca0d2861f60500f05bd29199894f7bb5') in 0.694732 seconds
  Import took 0.701307 seconds .

========================================================================
Received Import Request.
  Time since last request: 0.001407 seconds.
  path: Assets/TextMesh Pro/Resources/Fonts & Materials/LiberationSans SDF.asset
  artifactKey: Guid(8f586378b4e144a9851e7b34d9b748ee) Importer(815301076,1909f56bfc062723c751e8b465ee728b)
Start importing Assets/TextMesh Pro/Resources/Fonts & Materials/LiberationSans SDF.asset using Guid(8f586378b4e144a9851e7b34d9b748ee) Importer(815301076,1909f56bfc062723c751e8b465ee728b)  -> (artifact id: 'f1280cc7be10b532b2897fc8654f95d3') in 0.212744 seconds
  Import took 0.219088 seconds .

========================================================================
Received Prepare
Registering precompiled user dll's ...
Registered in 0.003030 seconds.
Begin MonoManager ReloadAssembly
Native extension for WindowsStandalone target not found
Refreshing native plugins compatible for Editor in 0.63 ms, found 0 plugins.
Preloading 0 native plugins for Editor in 0.00 ms.
Mono: successfully reloaded assembly
- Completed reload, in  3.890 seconds
Platform modules already initialized, skipping
Refreshing native plugins compatible for Editor in 0.64 ms, found 0 plugins.
Preloading 0 native plugins for Editor in 0.00 ms.
Unloading 1126 Unused Serialized files (Serialized files now loaded: 0)
System memory in use before: 63.0 MB.
System memory in use after: 62.5 MB.

Unloading 17 unused Assets to reduce memory usage. Loaded Objects now: 1615.
Total: 6.061966 ms (FindLiveObjects: 0.447302 ms CreateObjectMapping: 0.103413 ms MarkObjects: 4.283018 ms  DeleteObjects: 1.224951 ms)

========================================================================
Received Import Request.
  Time since last request: 1620.931498 seconds.
  path: Assets/GreenZone.cs
  artifactKey: Guid(a713a9be1b8e9f447bcbccb77686cf9e) Importer(815301076,1909f56bfc062723c751e8b465ee728b)
Start importing Assets/GreenZone.cs using Guid(a713a9be1b8e9f447bcbccb77686cf9e) Importer(815301076,1909f56bfc062723c751e8b465ee728b)  -> (artifact id: '6629a404b2fec2eea9fb833f16f1a337') in 0.039069 seconds
  Import took 0.046290 seconds .

========================================================================
Received Prepare
Registering precompiled user dll's ...
Registered in 0.006483 seconds.
Begin MonoManager ReloadAssembly
Native extension for WindowsStandalone target not found
Refreshing native plugins compatible for Editor in 0.62 ms, found 0 plugins.
Preloading 0 native plugins for Editor in 0.00 ms.
Mono: successfully reloaded assembly
- Completed reload, in  3.074 seconds
Platform modules already initialized, skipping
Refreshing native plugins compatible for Editor in 0.62 ms, found 0 plugins.
Preloading 0 native plugins for Editor in 0.00 ms.
Unloading 1125 Unused Serialized files (Serialized files now loaded: 0)
System memory in use before: 62.9 MB.
System memory in use after: 62.4 MB.

Unloading 17 unused Assets to reduce memory usage. Loaded Objects now: 1618.
Total: 8.082622 ms (FindLiveObjects: 0.503933 ms CreateObjectMapping: 0.571233 ms MarkObjects: 5.768963 ms  DeleteObjects: 1.233568 ms)

========================================================================
Received Import Request.
  Time since last request: 46.573924 seconds.
  path: Assets/GreenZone.cs
  artifactKey: Guid(a713a9be1b8e9f447bcbccb77686cf9e) Importer(815301076,1909f56bfc062723c751e8b465ee728b)
Start importing Assets/GreenZone.cs using Guid(a713a9be1b8e9f447bcbccb77686cf9e) Importer(815301076,1909f56bfc062723c751e8b465ee728b)  -> (artifact id: '4c68f1487c2206a891a92f7aac46d860') in 0.017274 seconds
  Import took 0.022350 seconds .

========================================================================
Received Import Request.
  Time since last request: 5.014750 seconds.
  path: Assets/GreenZone.cs
  artifactKey: Guid(a713a9be1b8e9f447bcbccb77686cf9e) Importer(815301076,1909f56bfc062723c751e8b465ee728b)
Start importing Assets/GreenZone.cs using Guid(a713a9be1b8e9f447bcbccb77686cf9e) Importer(815301076,1909f56bfc062723c751e8b465ee728b)  -> (artifact id: '4c68f1487c2206a891a92f7aac46d860') in 0.014180 seconds
  Import took 0.018544 seconds .

========================================================================
Received Prepare
Registering precompiled user dll's ...
Registered in 0.002890 seconds.
Begin MonoManager ReloadAssembly
Native extension for WindowsStandalone target not found
Refreshing native plugins compatible for Editor in 0.49 ms, found 0 plugins.
Preloading 0 native plugins for Editor in 0.00 ms.
Mono: successfully reloaded assembly
- Completed reload, in  2.127 seconds
Platform modules already initialized, skipping
Refreshing native plugins compatible for Editor in 0.47 ms, found 0 plugins.
Preloading 0 native plugins for Editor in 0.00 ms.
Unloading 1125 Unused Serialized files (Serialized files now loaded: 0)
System memory in use before: 62.9 MB.
System memory in use after: 62.4 MB.

Unloading 17 unused Assets to reduce memory usage. Loaded Objects now: 1621.
Total: 5.377471 ms (FindLiveObjects: 0.359893 ms CreateObjectMapping: 0.098078 ms MarkObjects: 3.872239 ms  DeleteObjects: 1.043568 ms)

AssetImportWorkerClient::OnTransportError - code=2 error=End of file
