Using pre-set license
Built from '2020.3/staging' branch; Version is '2020.3.11f1 (99c7afb366b3) revision 10078127'; Using compiler version '192528614'; Build Type 'Release'
OS: 'Windows 10 Pro; OS build 19043.1348; Version 2009; 64bit' Language: 'ru' Physical Memory: 16365 MB
BatchMode: 1, IsHumanControllingUs: 0, StartBugReporterOnCrash: 0, Is64bit: 1, IsPro: 0

 COMMAND LINE ARGUMENTS:
D:\UnityShit\2020.3.11f1\Editor\Unity.exe
-adb2
-batchMode
-noUpm
-name
AssetImportWorker0
-projectPath
C:/Users/Ghost2911/Documents/GitHub/farmball-unity
-logFile
Logs/AssetImportWorker0.log
-srvPort
9771
Successfully changed project path to: C:/Users/Ghost2911/Documents/GitHub/farmball-unity
C:/Users/Ghost2911/Documents/GitHub/farmball-unity
Using Asset Import Pipeline V2.
Refreshing native plugins compatible for Editor in 55.87 ms, found 2 plugins.
Preloading 0 native plugins for Editor in 0.00 ms.
Initialize engine version: 2020.3.11f1 (99c7afb366b3)
[Subsystems] Discovering subsystems at path D:/UnityShit/2020.3.11f1/Editor/Data/Resources/UnitySubsystems
[Subsystems] Discovering subsystems at path C:/Users/Ghost2911/Documents/GitHub/farmball-unity/Assets
GfxDevice: creating device client; threaded=0
Direct3D:
    Version:  Direct3D 11.0 [level 11.1]
    Renderer: NVIDIA GeForce GTX 1050 Ti (ID=0x1c82)
    Vendor:   
    VRAM:     4018 MB
    Driver:   30.0.14.7111
Initialize mono
Mono path[0] = 'D:/UnityShit/2020.3.11f1/Editor/Data/Managed'
Mono path[1] = 'D:/UnityShit/2020.3.11f1/Editor/Data/MonoBleedingEdge/lib/mono/unityjit'
Mono config path = 'D:/UnityShit/2020.3.11f1/Editor/Data/MonoBleedingEdge/etc'
Using monoOptions --debugger-agent=transport=dt_socket,embedding=1,server=y,suspend=n,address=127.0.0.1:56868
Begin MonoManager ReloadAssembly
Registering precompiled unity dll's ...
Register platform support module: D:/UnityShit/2020.3.11f1/Editor/Data/PlaybackEngines/WindowsStandaloneSupport/UnityEditor.WindowsStandalone.Extensions.dll
Registered in 0.002291 seconds.
Native extension for WindowsStandalone target not found
Refreshing native plugins compatible for Editor in 52.26 ms, found 2 plugins.
Preloading 0 native plugins for Editor in 0.00 ms.
Mono: successfully reloaded assembly
- Completed reload, in  2.554 seconds
Platform modules already initialized, skipping
Registering precompiled user dll's ...
Registered in 0.008583 seconds.
Begin MonoManager ReloadAssembly
Native extension for WindowsStandalone target not found
Refreshing native plugins compatible for Editor in 0.53 ms, found 2 plugins.
Preloading 0 native plugins for Editor in 0.00 ms.
Mono: successfully reloaded assembly
- Completed reload, in  1.603 seconds
Platform modules already initialized, skipping
========================================================================
Worker process is ready to serve import requests
Launched and connected shader compiler UnityShaderCompiler.exe after 0.07 seconds
Refreshing native plugins compatible for Editor in 0.51 ms, found 2 plugins.
Preloading 0 native plugins for Editor in 0.00 ms.
Unloading 1419 Unused Serialized files (Serialized files now loaded: 0)
System memory in use before: 151.8 MB.
System memory in use after: 151.8 MB.

Unloading 18 unused Assets to reduce memory usage. Loaded Objects now: 1871.
Total: 2.850500 ms (FindLiveObjects: 0.267300 ms CreateObjectMapping: 0.078000 ms MarkObjects: 2.399700 ms  DeleteObjects: 0.104100 ms)

========================================================================
Received Import Request.
  path: Assets/Level4.unity
  artifactKey: Guid(fcff4d0f73f2b0345b72ee542d3d4f58) Importer(815301076,1909f56bfc062723c751e8b465ee728b)
Start importing Assets/Level4.unity using Guid(fcff4d0f73f2b0345b72ee542d3d4f58) Importer(815301076,1909f56bfc062723c751e8b465ee728b)  -> (artifact id: '0e2ea46d08e5628f88a86cf8dc234b97') in 0.029203 seconds
  Import took 0.032414 seconds .

========================================================================
Received Import Request.
  Time since last request: 281.080462 seconds.
  path: Assets/Level16.unity
  artifactKey: Guid(b3a72a731c45bba48ad72d3a075c2076) Importer(815301076,1909f56bfc062723c751e8b465ee728b)
Start importing Assets/Level16.unity using Guid(b3a72a731c45bba48ad72d3a075c2076) Importer(815301076,1909f56bfc062723c751e8b465ee728b)  -> (artifact id: '93e5c032652ad392b23db1285ce17c5b') in 0.013860 seconds
  Import took 0.017782 seconds .

========================================================================
Received Import Request.
  Time since last request: 2.328156 seconds.
  path: Assets/Level14.unity
  artifactKey: Guid(57b3cdadb88068d4c839e2737f1967d3) Importer(815301076,1909f56bfc062723c751e8b465ee728b)
Start importing Assets/Level14.unity using Guid(57b3cdadb88068d4c839e2737f1967d3) Importer(815301076,1909f56bfc062723c751e8b465ee728b)  -> (artifact id: 'e874e1dff395a37edd758b4597b1478b') in 0.015362 seconds
  Import took 0.018691 seconds .

========================================================================
Received Prepare
Registering precompiled user dll's ...
Registered in 0.007483 seconds.
Begin MonoManager ReloadAssembly
Native extension for WindowsStandalone target not found
Refreshing native plugins compatible for Editor in 0.50 ms, found 2 plugins.
Preloading 0 native plugins for Editor in 0.00 ms.
Mono: successfully reloaded assembly
- Completed reload, in  1.483 seconds
Platform modules already initialized, skipping
Switching build target platform(19) subTarget(0) extendedPlatform(0) -> platform(13) subTarget(537395200) extendedPlatform(0)
Refreshing native plugins compatible for Editor in 0.53 ms, found 2 plugins.
Preloading 0 native plugins for Editor in 0.00 ms.
Unloading 1403 Unused Serialized files (Serialized files now loaded: 0)
System memory in use before: 149.9 MB.
System memory in use after: 150.0 MB.

Unloading 13 unused Assets to reduce memory usage. Loaded Objects now: 1874.
Total: 2.468000 ms (FindLiveObjects: 0.290600 ms CreateObjectMapping: 0.075200 ms MarkObjects: 2.080800 ms  DeleteObjects: 0.020000 ms)

AssetImportParameters requested are different than current active one (requested -> active):
  custom:graphics/normal-map-encoding: 01000000000000000000000000000000 -> 02000000000000000000000000000000
========================================================================
Received Prepare
Refreshing native plugins compatible for Editor in 5.64 ms, found 2 plugins.
Preloading 0 native plugins for Editor in 0.00 ms.
Unloading 11 Unused Serialized files (Serialized files now loaded: 0)
System memory in use before: 122.8 MB.
System memory in use after: 122.9 MB.

Unloading 11 unused Assets to reduce memory usage. Loaded Objects now: 1874.
Total: 3.407300 ms (FindLiveObjects: 0.359100 ms CreateObjectMapping: 0.085500 ms MarkObjects: 2.937100 ms  DeleteObjects: 0.023700 ms)

========================================================================
Received Prepare
Refreshing native plugins compatible for Editor in 5.10 ms, found 2 plugins.
Preloading 0 native plugins for Editor in 0.00 ms.
Unloading 11 Unused Serialized files (Serialized files now loaded: 0)
System memory in use before: 122.8 MB.
System memory in use after: 122.9 MB.

Unloading 11 unused Assets to reduce memory usage. Loaded Objects now: 1874.
Total: 3.185200 ms (FindLiveObjects: 0.332800 ms CreateObjectMapping: 0.075800 ms MarkObjects: 2.756800 ms  DeleteObjects: 0.018800 ms)

========================================================================
Received Prepare
Refreshing native plugins compatible for Editor in 4.87 ms, found 2 plugins.
Preloading 0 native plugins for Editor in 0.00 ms.
Unloading 11 Unused Serialized files (Serialized files now loaded: 0)
System memory in use before: 122.8 MB.
System memory in use after: 122.9 MB.

Unloading 11 unused Assets to reduce memory usage. Loaded Objects now: 1874.
Total: 2.849900 ms (FindLiveObjects: 0.288300 ms CreateObjectMapping: 0.079300 ms MarkObjects: 2.464500 ms  DeleteObjects: 0.016500 ms)

========================================================================
Received Prepare
Registering precompiled user dll's ...
Registered in 0.007522 seconds.
Begin MonoManager ReloadAssembly
Native extension for WindowsStandalone target not found
Refreshing native plugins compatible for Editor in 0.62 ms, found 2 plugins.
Preloading 0 native plugins for Editor in 0.00 ms.
Mono: successfully reloaded assembly
- Completed reload, in  1.596 seconds
Platform modules already initialized, skipping
Switching build target platform(19) subTarget(0) extendedPlatform(0) -> platform(13) subTarget(537395200) extendedPlatform(0)
Refreshing native plugins compatible for Editor in 0.62 ms, found 2 plugins.
Preloading 0 native plugins for Editor in 0.00 ms.
Unloading 1403 Unused Serialized files (Serialized files now loaded: 0)
System memory in use before: 149.9 MB.
System memory in use after: 150.0 MB.

Unloading 13 unused Assets to reduce memory usage. Loaded Objects now: 1877.
Total: 3.026700 ms (FindLiveObjects: 0.288400 ms CreateObjectMapping: 0.079900 ms MarkObjects: 2.628300 ms  DeleteObjects: 0.028200 ms)

AssetImportParameters requested are different than current active one (requested -> active):
  custom:graphics/normal-map-encoding: 01000000000000000000000000000000 -> 02000000000000000000000000000000
========================================================================
Received Prepare
Registering precompiled user dll's ...
Registered in 0.008431 seconds.
Begin MonoManager ReloadAssembly
Native extension for WindowsStandalone target not found
Refreshing native plugins compatible for Editor in 0.53 ms, found 2 plugins.
Preloading 0 native plugins for Editor in 0.00 ms.
Mono: successfully reloaded assembly
- Completed reload, in  1.506 seconds
Platform modules already initialized, skipping
Switching build target platform(19) subTarget(0) extendedPlatform(0) -> platform(13) subTarget(537395200) extendedPlatform(0)
Refreshing native plugins compatible for Editor in 0.51 ms, found 2 plugins.
Preloading 0 native plugins for Editor in 0.00 ms.
Unloading 1403 Unused Serialized files (Serialized files now loaded: 0)
System memory in use before: 149.9 MB.
System memory in use after: 150.0 MB.

Unloading 13 unused Assets to reduce memory usage. Loaded Objects now: 1880.
Total: 2.477500 ms (FindLiveObjects: 0.249400 ms CreateObjectMapping: 0.073600 ms MarkObjects: 2.131000 ms  DeleteObjects: 0.021900 ms)

AssetImportParameters requested are different than current active one (requested -> active):
  custom:graphics/normal-map-encoding: 01000000000000000000000000000000 -> 02000000000000000000000000000000
========================================================================
Received Import Request.
  Time since last request: 1916.460026 seconds.
  path: Assets/FinishZone.cs
  artifactKey: Guid(a713a9be1b8e9f447bcbccb77686cf9e) Importer(815301076,1909f56bfc062723c751e8b465ee728b)
Start importing Assets/FinishZone.cs using Guid(a713a9be1b8e9f447bcbccb77686cf9e) Importer(815301076,1909f56bfc062723c751e8b465ee728b)  -> (artifact id: '4cf3de2df28d05753b08bf80fc9d21c6') in 0.055779 seconds
  Import took 0.060192 seconds .

========================================================================
Received Prepare
Registering precompiled user dll's ...
Registered in 0.008706 seconds.
Begin MonoManager ReloadAssembly
Native extension for WindowsStandalone target not found
Refreshing native plugins compatible for Editor in 0.50 ms, found 2 plugins.
Preloading 0 native plugins for Editor in 0.00 ms.
Mono: successfully reloaded assembly
- Completed reload, in  1.518 seconds
Platform modules already initialized, skipping
Switching build target platform(19) subTarget(0) extendedPlatform(0) -> platform(13) subTarget(537395200) extendedPlatform(0)
Refreshing native plugins compatible for Editor in 0.51 ms, found 2 plugins.
Preloading 0 native plugins for Editor in 0.00 ms.
Unloading 1403 Unused Serialized files (Serialized files now loaded: 0)
System memory in use before: 149.9 MB.
System memory in use after: 150.0 MB.

Unloading 13 unused Assets to reduce memory usage. Loaded Objects now: 1883.
Total: 2.500200 ms (FindLiveObjects: 0.268400 ms CreateObjectMapping: 0.094600 ms MarkObjects: 2.114100 ms  DeleteObjects: 0.022100 ms)

AssetImportParameters requested are different than current active one (requested -> active):
  custom:graphics/normal-map-encoding: 01000000000000000000000000000000 -> 02000000000000000000000000000000
========================================================================
Received Import Request.
  Time since last request: 289.128825 seconds.
  path: Assets/FinishZone.cs
  artifactKey: Guid(a713a9be1b8e9f447bcbccb77686cf9e) Importer(815301076,1909f56bfc062723c751e8b465ee728b)
Start importing Assets/FinishZone.cs using Guid(a713a9be1b8e9f447bcbccb77686cf9e) Importer(815301076,1909f56bfc062723c751e8b465ee728b)  -> (artifact id: '5f1de7ef28c9f338bbe7026c828f1b6c') in 0.006727 seconds
  Import took 0.009583 seconds .

========================================================================
Received Import Request.
  Time since last request: 0.000964 seconds.
  path: Assets/Level16.unity
  artifactKey: Guid(b3a72a731c45bba48ad72d3a075c2076) Importer(815301076,1909f56bfc062723c751e8b465ee728b)
Start importing Assets/Level16.unity using Guid(b3a72a731c45bba48ad72d3a075c2076) Importer(815301076,1909f56bfc062723c751e8b465ee728b)  -> (artifact id: 'f2ad297fc4a6350cc9215a7720fdcf5b') in 0.060397 seconds
  Import took 0.063973 seconds .

========================================================================
Received Prepare
Registering precompiled user dll's ...
Registered in 0.008471 seconds.
Begin MonoManager ReloadAssembly
Native extension for WindowsStandalone target not found
Refreshing native plugins compatible for Editor in 0.55 ms, found 2 plugins.
Preloading 0 native plugins for Editor in 0.00 ms.
Mono: successfully reloaded assembly
- Completed reload, in  1.744 seconds
Platform modules already initialized, skipping
Switching build target platform(19) subTarget(0) extendedPlatform(0) -> platform(13) subTarget(537395200) extendedPlatform(0)
Refreshing native plugins compatible for Editor in 0.63 ms, found 2 plugins.
Preloading 0 native plugins for Editor in 0.00 ms.
Unloading 1403 Unused Serialized files (Serialized files now loaded: 0)
System memory in use before: 149.9 MB.
System memory in use after: 150.1 MB.

Unloading 13 unused Assets to reduce memory usage. Loaded Objects now: 1886.
Total: 2.520700 ms (FindLiveObjects: 0.301600 ms CreateObjectMapping: 0.076900 ms MarkObjects: 2.120400 ms  DeleteObjects: 0.020500 ms)

AssetImportParameters requested are different than current active one (requested -> active):
  custom:graphics/normal-map-encoding: 01000000000000000000000000000000 -> 02000000000000000000000000000000
========================================================================
Received Prepare
Registering precompiled user dll's ...
Registered in 0.007314 seconds.
Begin MonoManager ReloadAssembly
Native extension for WindowsStandalone target not found
Refreshing native plugins compatible for Editor in 0.54 ms, found 2 plugins.
Preloading 0 native plugins for Editor in 0.00 ms.
Mono: successfully reloaded assembly
- Completed reload, in  1.736 seconds
Platform modules already initialized, skipping
Switching build target platform(19) subTarget(0) extendedPlatform(0) -> platform(13) subTarget(537395200) extendedPlatform(0)
Refreshing native plugins compatible for Editor in 0.65 ms, found 2 plugins.
Preloading 0 native plugins for Editor in 0.00 ms.
Unloading 1403 Unused Serialized files (Serialized files now loaded: 0)
System memory in use before: 150.0 MB.
System memory in use after: 150.1 MB.

Unloading 13 unused Assets to reduce memory usage. Loaded Objects now: 1889.
Total: 3.239800 ms (FindLiveObjects: 0.293900 ms CreateObjectMapping: 0.080600 ms MarkObjects: 2.840800 ms  DeleteObjects: 0.022900 ms)

AssetImportParameters requested are different than current active one (requested -> active):
  custom:graphics/normal-map-encoding: 01000000000000000000000000000000 -> 02000000000000000000000000000000
========================================================================
Received Prepare
Registering precompiled user dll's ...
Registered in 0.008585 seconds.
Begin MonoManager ReloadAssembly
Native extension for WindowsStandalone target not found
Refreshing native plugins compatible for Editor in 0.51 ms, found 2 plugins.
Preloading 0 native plugins for Editor in 0.00 ms.
Mono: successfully reloaded assembly
- Completed reload, in  1.595 seconds
Platform modules already initialized, skipping
Switching build target platform(19) subTarget(0) extendedPlatform(0) -> platform(13) subTarget(537395200) extendedPlatform(0)
Refreshing native plugins compatible for Editor in 0.58 ms, found 2 plugins.
Preloading 0 native plugins for Editor in 0.00 ms.
Unloading 1403 Unused Serialized files (Serialized files now loaded: 0)
System memory in use before: 150.0 MB.
System memory in use after: 150.1 MB.

Unloading 13 unused Assets to reduce memory usage. Loaded Objects now: 1892.
Total: 2.520500 ms (FindLiveObjects: 0.286400 ms CreateObjectMapping: 0.077200 ms MarkObjects: 2.134900 ms  DeleteObjects: 0.020900 ms)

AssetImportParameters requested are different than current active one (requested -> active):
  custom:graphics/normal-map-encoding: 01000000000000000000000000000000 -> 02000000000000000000000000000000
========================================================================
Received Prepare
Registering precompiled user dll's ...
Registered in 0.007671 seconds.
Begin MonoManager ReloadAssembly
Native extension for WindowsStandalone target not found
Refreshing native plugins compatible for Editor in 0.58 ms, found 2 plugins.
Preloading 0 native plugins for Editor in 0.00 ms.
Mono: successfully reloaded assembly
- Completed reload, in  1.716 seconds
Platform modules already initialized, skipping
Switching build target platform(19) subTarget(0) extendedPlatform(0) -> platform(13) subTarget(537395200) extendedPlatform(0)
Refreshing native plugins compatible for Editor in 0.66 ms, found 2 plugins.
Preloading 0 native plugins for Editor in 0.00 ms.
Unloading 1403 Unused Serialized files (Serialized files now loaded: 0)
System memory in use before: 150.0 MB.
System memory in use after: 150.1 MB.

Unloading 13 unused Assets to reduce memory usage. Loaded Objects now: 1895.
Total: 3.236000 ms (FindLiveObjects: 0.284200 ms CreateObjectMapping: 0.075100 ms MarkObjects: 2.844500 ms  DeleteObjects: 0.030800 ms)

AssetImportParameters requested are different than current active one (requested -> active):
  custom:graphics/normal-map-encoding: 01000000000000000000000000000000 -> 02000000000000000000000000000000
========================================================================
Received Prepare
Registering precompiled user dll's ...
Registered in 0.008426 seconds.
Begin MonoManager ReloadAssembly
Native extension for WindowsStandalone target not found
Refreshing native plugins compatible for Editor in 0.51 ms, found 2 plugins.
Preloading 0 native plugins for Editor in 0.00 ms.
Mono: successfully reloaded assembly
- Completed reload, in  1.715 seconds
Platform modules already initialized, skipping
Switching build target platform(19) subTarget(0) extendedPlatform(0) -> platform(13) subTarget(537395200) extendedPlatform(0)
Refreshing native plugins compatible for Editor in 0.51 ms, found 2 plugins.
Preloading 0 native plugins for Editor in 0.00 ms.
Unloading 1403 Unused Serialized files (Serialized files now loaded: 0)
System memory in use before: 150.0 MB.
System memory in use after: 150.1 MB.

Unloading 13 unused Assets to reduce memory usage. Loaded Objects now: 1898.
Total: 3.121800 ms (FindLiveObjects: 0.299300 ms CreateObjectMapping: 0.099100 ms MarkObjects: 2.698200 ms  DeleteObjects: 0.023500 ms)

AssetImportParameters requested are different than current active one (requested -> active):
  custom:graphics/normal-map-encoding: 01000000000000000000000000000000 -> 02000000000000000000000000000000
========================================================================
Received Prepare
Registering precompiled user dll's ...
Registered in 0.007078 seconds.
Begin MonoManager ReloadAssembly
Native extension for WindowsStandalone target not found
Refreshing native plugins compatible for Editor in 0.52 ms, found 2 plugins.
Preloading 0 native plugins for Editor in 0.00 ms.
Mono: successfully reloaded assembly
- Completed reload, in  1.583 seconds
Platform modules already initialized, skipping
Switching build target platform(19) subTarget(0) extendedPlatform(0) -> platform(13) subTarget(537395200) extendedPlatform(0)
Refreshing native plugins compatible for Editor in 0.54 ms, found 2 plugins.
Preloading 0 native plugins for Editor in 0.00 ms.
Unloading 1403 Unused Serialized files (Serialized files now loaded: 0)
System memory in use before: 150.0 MB.
System memory in use after: 150.1 MB.

Unloading 13 unused Assets to reduce memory usage. Loaded Objects now: 1901.
Total: 2.513500 ms (FindLiveObjects: 0.291000 ms CreateObjectMapping: 0.098800 ms MarkObjects: 2.089400 ms  DeleteObjects: 0.032800 ms)

AssetImportParameters requested are different than current active one (requested -> active):
  custom:graphics/normal-map-encoding: 01000000000000000000000000000000 -> 02000000000000000000000000000000
========================================================================
Received Import Request.
  Time since last request: 850.040909 seconds.
  path: Assets/ForIcon.unity
  artifactKey: Guid(ebc827c1b69f9c54494c77ab802ec5b0) Importer(815301076,1909f56bfc062723c751e8b465ee728b)
Start importing Assets/ForIcon.unity using Guid(ebc827c1b69f9c54494c77ab802ec5b0) Importer(815301076,1909f56bfc062723c751e8b465ee728b)  -> (artifact id: 'd554e1b0adc24170623c187622239a4c') in 0.049875 seconds
  Import took 0.053643 seconds .

========================================================================
Received Import Request.
  Time since last request: 159.740500 seconds.
  path: Assets/Joystick Pack/Documentaion.pdf
  artifactKey: Guid(cfa813ed406827e43b967abd54ab5b9a) Importer(815301076,1909f56bfc062723c751e8b465ee728b)
Start importing Assets/Joystick Pack/Documentaion.pdf using Guid(cfa813ed406827e43b967abd54ab5b9a) Importer(815301076,1909f56bfc062723c751e8b465ee728b)  -> (artifact id: '695bef9d9d901e14976a8075b44a05d7') in 0.027709 seconds
  Import took 0.031568 seconds .

========================================================================
Received Import Request.
  Time since last request: 0.299627 seconds.
  path: Assets/Joystick Pack/Sprites
  artifactKey: Guid(f36f8459cb8c3fd44ba4390ba9652af8) Importer(815301076,1909f56bfc062723c751e8b465ee728b)
Start importing Assets/Joystick Pack/Sprites using Guid(f36f8459cb8c3fd44ba4390ba9652af8) Importer(815301076,1909f56bfc062723c751e8b465ee728b)  -> (artifact id: 'cfe99dba3aae57c03c565a1be73e4091') in 0.022122 seconds
  Import took 0.025940 seconds .

========================================================================
Received Import Request.
  Time since last request: 117.212174 seconds.
  path: Assets/icon.png
  artifactKey: Guid(246ebb82cc6efa04194fb9d9961ebd63) Importer(815301076,1909f56bfc062723c751e8b465ee728b)
Start importing Assets/icon.png using Guid(246ebb82cc6efa04194fb9d9961ebd63) Importer(815301076,1909f56bfc062723c751e8b465ee728b)  -> (artifact id: 'b77d5b2ce5d4cb95795b6a500fdce9b5') in 0.140064 seconds
  Import took 0.143670 seconds .

========================================================================
Received Prepare
Refreshing native plugins compatible for Editor in 5.58 ms, found 2 plugins.
Preloading 0 native plugins for Editor in 0.00 ms.
Unloading 11 Unused Serialized files (Serialized files now loaded: 0)
System memory in use before: 123.0 MB.
System memory in use after: 123.1 MB.

Unloading 11 unused Assets to reduce memory usage. Loaded Objects now: 1903.
Total: 3.542500 ms (FindLiveObjects: 0.287900 ms CreateObjectMapping: 0.075000 ms MarkObjects: 3.159200 ms  DeleteObjects: 0.018800 ms)

========================================================================
Received Prepare
Refreshing native plugins compatible for Editor in 6.05 ms, found 2 plugins.
Preloading 0 native plugins for Editor in 0.00 ms.
Unloading 11 Unused Serialized files (Serialized files now loaded: 0)
System memory in use before: 123.0 MB.
System memory in use after: 123.1 MB.

Unloading 11 unused Assets to reduce memory usage. Loaded Objects now: 1903.
Total: 3.456300 ms (FindLiveObjects: 0.310900 ms CreateObjectMapping: 0.084200 ms MarkObjects: 3.041500 ms  DeleteObjects: 0.018500 ms)

========================================================================
Received Import Request.
  Time since last request: 436.743522 seconds.
  path: Assets/ball10_albedo.psd
  artifactKey: Guid(c957c62779e4e924b9b780f998e3af9e) Importer(815301076,1909f56bfc062723c751e8b465ee728b)
Start importing Assets/ball10_albedo.psd using Guid(c957c62779e4e924b9b780f998e3af9e) Importer(815301076,1909f56bfc062723c751e8b465ee728b)  -> (artifact id: '7f0664b75e4aeeda7d9c6cd211272767') in 0.047639 seconds
  Import took 0.053269 seconds .

========================================================================
Received Import Request.
  Time since last request: 0.000985 seconds.
  path: Assets/options-button_active.png
  artifactKey: Guid(538764a7ce4300c409f01ceb203d6a76) Importer(815301076,1909f56bfc062723c751e8b465ee728b)
Start importing Assets/options-button_active.png using Guid(538764a7ce4300c409f01ceb203d6a76) Importer(815301076,1909f56bfc062723c751e8b465ee728b)  -> (artifact id: '00fe82d9502fea563980c0327674e514') in 0.085811 seconds
  Import took 0.089105 seconds .

========================================================================
Received Import Request.
  Time since last request: 0.000973 seconds.
  path: Assets/quit-button.png
  artifactKey: Guid(820f3b75760dd4b4ba3ac704b6838563) Importer(815301076,1909f56bfc062723c751e8b465ee728b)
Start importing Assets/quit-button.png using Guid(820f3b75760dd4b4ba3ac704b6838563) Importer(815301076,1909f56bfc062723c751e8b465ee728b)  -> (artifact id: '378277678e35c4209f71989a7311cf34') in 0.030157 seconds
  Import took 0.033617 seconds .

========================================================================
Received Import Request.
  Time since last request: 0.000976 seconds.
  path: Assets/options-button_inactive.png
  artifactKey: Guid(fbe95974aa13bed4da6b4bd52566b51f) Importer(815301076,1909f56bfc062723c751e8b465ee728b)
Start importing Assets/options-button_inactive.png using Guid(fbe95974aa13bed4da6b4bd52566b51f) Importer(815301076,1909f56bfc062723c751e8b465ee728b)  -> (artifact id: '7e1f5c0bd16b8fcd745a5ef04257d3b3') in 0.025328 seconds
  Import took 0.028789 seconds .

========================================================================
Received Import Request.
  Time since last request: 0.001160 seconds.
  path: Assets/icon.png
  artifactKey: Guid(246ebb82cc6efa04194fb9d9961ebd63) Importer(815301076,1909f56bfc062723c751e8b465ee728b)
Start importing Assets/icon.png using Guid(246ebb82cc6efa04194fb9d9961ebd63) Importer(815301076,1909f56bfc062723c751e8b465ee728b)  -> (artifact id: '26331894825058cd644f1de6fa89d308') in 0.021152 seconds
  Import took 0.024714 seconds .

========================================================================
Received Import Request.
  Time since last request: 0.001130 seconds.
  path: Assets/map-button.png
  artifactKey: Guid(524d055f04086024b83ed0610229d390) Importer(815301076,1909f56bfc062723c751e8b465ee728b)
Start importing Assets/map-button.png using Guid(524d055f04086024b83ed0610229d390) Importer(815301076,1909f56bfc062723c751e8b465ee728b)  -> (artifact id: 'c70120a84409540ca668504a1c6fbcad') in 0.031337 seconds
  Import took 0.035051 seconds .

========================================================================
Received Import Request.
  Time since last request: 0.001017 seconds.
  path: Assets/music-button.png
  artifactKey: Guid(c65851344e8dd9740aaa24f542cc1420) Importer(815301076,1909f56bfc062723c751e8b465ee728b)
Start importing Assets/music-button.png using Guid(c65851344e8dd9740aaa24f542cc1420) Importer(815301076,1909f56bfc062723c751e8b465ee728b)  -> (artifact id: 'f00f40caad0423249434407ba7929813') in 0.025793 seconds
  Import took 0.029830 seconds .

========================================================================
Received Import Request.
  Time since last request: 0.000947 seconds.
  path: Assets/sfx-button.png
  artifactKey: Guid(53da0f757f33a374abe53d2c08727a95) Importer(815301076,1909f56bfc062723c751e8b465ee728b)
Start importing Assets/sfx-button.png using Guid(53da0f757f33a374abe53d2c08727a95) Importer(815301076,1909f56bfc062723c751e8b465ee728b)  -> (artifact id: '7a3fe7db332a3c7e32fa86eb1e1d3068') in 0.025171 seconds
  Import took 0.028682 seconds .

========================================================================
Received Prepare
Refreshing native plugins compatible for Editor in 5.47 ms, found 2 plugins.
Preloading 0 native plugins for Editor in 0.00 ms.
Unloading 11 Unused Serialized files (Serialized files now loaded: 0)
System memory in use before: 126.2 MB.
System memory in use after: 126.3 MB.

Unloading 11 unused Assets to reduce memory usage. Loaded Objects now: 1907.
Total: 3.360500 ms (FindLiveObjects: 0.298600 ms CreateObjectMapping: 0.080000 ms MarkObjects: 2.961700 ms  DeleteObjects: 0.018600 ms)

========================================================================
Received Prepare
Refreshing native plugins compatible for Editor in 6.44 ms, found 2 plugins.
Preloading 0 native plugins for Editor in 0.00 ms.
Unloading 11 Unused Serialized files (Serialized files now loaded: 0)
System memory in use before: 126.2 MB.
System memory in use after: 126.3 MB.

Unloading 11 unused Assets to reduce memory usage. Loaded Objects now: 1907.
Total: 4.083300 ms (FindLiveObjects: 0.310300 ms CreateObjectMapping: 0.080000 ms MarkObjects: 3.669300 ms  DeleteObjects: 0.022200 ms)

========================================================================
Received Prepare
Refreshing native plugins compatible for Editor in 5.32 ms, found 2 plugins.
Preloading 0 native plugins for Editor in 0.00 ms.
Unloading 11 Unused Serialized files (Serialized files now loaded: 0)
System memory in use before: 126.2 MB.
System memory in use after: 126.3 MB.

Unloading 11 unused Assets to reduce memory usage. Loaded Objects now: 1907.
Total: 3.642300 ms (FindLiveObjects: 0.300700 ms CreateObjectMapping: 0.073800 ms MarkObjects: 3.246200 ms  DeleteObjects: 0.019600 ms)

========================================================================
Received Prepare
Refreshing native plugins compatible for Editor in 5.57 ms, found 2 plugins.
Preloading 0 native plugins for Editor in 0.00 ms.
Unloading 11 Unused Serialized files (Serialized files now loaded: 0)
System memory in use before: 126.2 MB.
System memory in use after: 126.3 MB.

Unloading 11 unused Assets to reduce memory usage. Loaded Objects now: 1907.
Total: 3.291100 ms (FindLiveObjects: 0.288200 ms CreateObjectMapping: 0.079100 ms MarkObjects: 2.904600 ms  DeleteObjects: 0.017900 ms)

========================================================================
Received Prepare
Refreshing native plugins compatible for Editor in 5.56 ms, found 2 plugins.
Preloading 0 native plugins for Editor in 0.00 ms.
Unloading 11 Unused Serialized files (Serialized files now loaded: 0)
System memory in use before: 126.2 MB.
System memory in use after: 126.3 MB.

Unloading 11 unused Assets to reduce memory usage. Loaded Objects now: 1907.
Total: 3.640500 ms (FindLiveObjects: 0.307400 ms CreateObjectMapping: 0.075500 ms MarkObjects: 3.231900 ms  DeleteObjects: 0.024300 ms)

========================================================================
Received Prepare
Registering precompiled user dll's ...
Registered in 0.008545 seconds.
Begin MonoManager ReloadAssembly
Native extension for WindowsStandalone target not found
Refreshing native plugins compatible for Editor in 0.64 ms, found 2 plugins.
Preloading 0 native plugins for Editor in 0.00 ms.
Mono: successfully reloaded assembly
- Completed reload, in  2.005 seconds
Platform modules already initialized, skipping
Switching build target platform(19) subTarget(0) extendedPlatform(0) -> platform(13) subTarget(537395200) extendedPlatform(0)
Refreshing native plugins compatible for Editor in 0.52 ms, found 2 plugins.
Preloading 0 native plugins for Editor in 0.00 ms.
Unloading 1403 Unused Serialized files (Serialized files now loaded: 0)
System memory in use before: 153.1 MB.
System memory in use after: 153.2 MB.

Unloading 13 unused Assets to reduce memory usage. Loaded Objects now: 1910.
Total: 2.946300 ms (FindLiveObjects: 0.325400 ms CreateObjectMapping: 0.092300 ms MarkObjects: 2.503700 ms  DeleteObjects: 0.023100 ms)

AssetImportParameters requested are different than current active one (requested -> active):
  custom:graphics/normal-map-encoding: 01000000000000000000000000000000 -> 02000000000000000000000000000000
========================================================================
Received Import Request.
  Time since last request: 4749.954451 seconds.
  path: Assets/Level14.unity
  artifactKey: Guid(57b3cdadb88068d4c839e2737f1967d3) Importer(815301076,1909f56bfc062723c751e8b465ee728b)
Start importing Assets/Level14.unity using Guid(57b3cdadb88068d4c839e2737f1967d3) Importer(815301076,1909f56bfc062723c751e8b465ee728b)  -> (artifact id: 'bfb1fa5c5a0da61c22173146dcd09d5a') in 0.113978 seconds
  Import took 0.118014 seconds .

========================================================================
Received Prepare
Registering precompiled user dll's ...
Registered in 0.007715 seconds.
Begin MonoManager ReloadAssembly
Native extension for WindowsStandalone target not found
Refreshing native plugins compatible for Editor in 0.60 ms, found 2 plugins.
Preloading 0 native plugins for Editor in 0.00 ms.
Mono: successfully reloaded assembly
- Completed reload, in  1.911 seconds
Platform modules already initialized, skipping
Switching build target platform(19) subTarget(0) extendedPlatform(0) -> platform(13) subTarget(537395200) extendedPlatform(0)
Refreshing native plugins compatible for Editor in 0.61 ms, found 2 plugins.
Preloading 0 native plugins for Editor in 0.00 ms.
Unloading 1403 Unused Serialized files (Serialized files now loaded: 0)
System memory in use before: 153.1 MB.
System memory in use after: 153.2 MB.

Unloading 13 unused Assets to reduce memory usage. Loaded Objects now: 1913.
Total: 2.974900 ms (FindLiveObjects: 0.341000 ms CreateObjectMapping: 0.081900 ms MarkObjects: 2.529100 ms  DeleteObjects: 0.021200 ms)

AssetImportParameters requested are different than current active one (requested -> active):
  custom:graphics/normal-map-encoding: 01000000000000000000000000000000 -> 02000000000000000000000000000000
========================================================================
Received Prepare
Registering precompiled user dll's ...
Registered in 0.009017 seconds.
Begin MonoManager ReloadAssembly
Native extension for WindowsStandalone target not found
Refreshing native plugins compatible for Editor in 0.59 ms, found 2 plugins.
Preloading 0 native plugins for Editor in 0.00 ms.
Mono: successfully reloaded assembly
- Completed reload, in  1.848 seconds
Platform modules already initialized, skipping
Switching build target platform(19) subTarget(0) extendedPlatform(0) -> platform(13) subTarget(537395200) extendedPlatform(0)
Refreshing native plugins compatible for Editor in 0.59 ms, found 2 plugins.
Preloading 0 native plugins for Editor in 0.00 ms.
Unloading 1403 Unused Serialized files (Serialized files now loaded: 0)
System memory in use before: 153.1 MB.
System memory in use after: 153.2 MB.

Unloading 13 unused Assets to reduce memory usage. Loaded Objects now: 1916.
Total: 3.724100 ms (FindLiveObjects: 0.613300 ms CreateObjectMapping: 0.171600 ms MarkObjects: 2.910100 ms  DeleteObjects: 0.027100 ms)

AssetImportParameters requested are different than current active one (requested -> active):
  custom:graphics/normal-map-encoding: 01000000000000000000000000000000 -> 02000000000000000000000000000000
========================================================================
Received Prepare
Registering precompiled user dll's ...
Registered in 0.009008 seconds.
Begin MonoManager ReloadAssembly
Native extension for WindowsStandalone target not found
Refreshing native plugins compatible for Editor in 0.52 ms, found 2 plugins.
Preloading 0 native plugins for Editor in 0.00 ms.
Mono: successfully reloaded assembly
- Completed reload, in  1.788 seconds
Platform modules already initialized, skipping
Switching build target platform(19) subTarget(0) extendedPlatform(0) -> platform(13) subTarget(537395200) extendedPlatform(0)
Refreshing native plugins compatible for Editor in 0.54 ms, found 2 plugins.
Preloading 0 native plugins for Editor in 0.00 ms.
Unloading 1403 Unused Serialized files (Serialized files now loaded: 0)
System memory in use before: 153.1 MB.
System memory in use after: 153.2 MB.

Unloading 13 unused Assets to reduce memory usage. Loaded Objects now: 1919.
Total: 3.192500 ms (FindLiveObjects: 0.417300 ms CreateObjectMapping: 0.154300 ms MarkObjects: 2.593500 ms  DeleteObjects: 0.026000 ms)

AssetImportParameters requested are different than current active one (requested -> active):
  custom:graphics/normal-map-encoding: 01000000000000000000000000000000 -> 02000000000000000000000000000000
========================================================================
Received Import Request.
  Time since last request: 927.266026 seconds.
  path: Assets/Fox/Prefabs/Fox.prefab
  artifactKey: Guid(4f2d7258bd394904da20faf884826715) Importer(815301076,1909f56bfc062723c751e8b465ee728b)
Start importing Assets/Fox/Prefabs/Fox.prefab using Guid(4f2d7258bd394904da20faf884826715) Importer(815301076,1909f56bfc062723c751e8b465ee728b)  -> (artifact id: '501f64d6e15e4f8f390d830b6035340d') in 0.416645 seconds
  Import took 0.425134 seconds .

========================================================================
Received Import Request.
  Time since last request: 33.731593 seconds.
  path: Assets/Scripts
  artifactKey: Guid(391d1e4b729738742b0951cbe0e79dcb) Importer(815301076,1909f56bfc062723c751e8b465ee728b)
Start importing Assets/Scripts using Guid(391d1e4b729738742b0951cbe0e79dcb) Importer(815301076,1909f56bfc062723c751e8b465ee728b)  -> (artifact id: '5dbec7134a3bec8bcff6e5c0101cff70') in 0.010619 seconds
  Import took 0.014176 seconds .

========================================================================
Received Import Request.
  Time since last request: 4.438147 seconds.
  path: Assets/NewBehaviourScript.cs
  artifactKey: Guid(3decdb26008b7df49a28bc2c21ed21b8) Importer(815301076,1909f56bfc062723c751e8b465ee728b)
Start importing Assets/NewBehaviourScript.cs using Guid(3decdb26008b7df49a28bc2c21ed21b8) Importer(815301076,1909f56bfc062723c751e8b465ee728b)  -> (artifact id: 'e811b31a7140e3ea00d78417a6793c4c') in 0.010804 seconds
  Import took 0.014542 seconds .

========================================================================
Received Prepare
Registering precompiled user dll's ...
Registered in 0.007175 seconds.
Begin MonoManager ReloadAssembly
Native extension for WindowsStandalone target not found
Refreshing native plugins compatible for Editor in 0.52 ms, found 2 plugins.
Preloading 0 native plugins for Editor in 0.00 ms.
Mono: successfully reloaded assembly
- Completed reload, in  1.573 seconds
Platform modules already initialized, skipping
Switching build target platform(19) subTarget(0) extendedPlatform(0) -> platform(13) subTarget(537395200) extendedPlatform(0)
Refreshing native plugins compatible for Editor in 0.52 ms, found 2 plugins.
Preloading 0 native plugins for Editor in 0.00 ms.
Unloading 1403 Unused Serialized files (Serialized files now loaded: 0)
System memory in use before: 166.8 MB.
System memory in use after: 166.9 MB.

Unloading 13 unused Assets to reduce memory usage. Loaded Objects now: 1927.
Total: 2.887400 ms (FindLiveObjects: 0.237600 ms CreateObjectMapping: 0.073700 ms MarkObjects: 2.552900 ms  DeleteObjects: 0.021900 ms)

AssetImportParameters requested are different than current active one (requested -> active):
  custom:graphics/normal-map-encoding: 01000000000000000000000000000000 -> 02000000000000000000000000000000
========================================================================
Received Import Request.
  Time since last request: 15.774593 seconds.
  path: Assets/Sprites
  artifactKey: Guid(f70d910d5f62ff142b5eb30c6ea9ee5e) Importer(815301076,1909f56bfc062723c751e8b465ee728b)
Start importing Assets/Sprites using Guid(f70d910d5f62ff142b5eb30c6ea9ee5e) Importer(815301076,1909f56bfc062723c751e8b465ee728b)  -> (artifact id: '27568dd77ac130df5e4375bcc86324ca') in 0.012348 seconds
  Import took 0.015936 seconds .

========================================================================
Received Import Request.
  Time since last request: 0.007097 seconds.
  path: Assets/Sprites
  artifactKey: Guid(f70d910d5f62ff142b5eb30c6ea9ee5e) Importer(815301076,1909f56bfc062723c751e8b465ee728b)
Start importing Assets/Sprites using Guid(f70d910d5f62ff142b5eb30c6ea9ee5e) Importer(815301076,1909f56bfc062723c751e8b465ee728b)  -> (artifact id: '27568dd77ac130df5e4375bcc86324ca') in 0.003693 seconds
  Import took 0.007314 seconds .

========================================================================
Received Import Request.
  Time since last request: 9.769214 seconds.
  path: Assets/Animations
  artifactKey: Guid(a7e2368731769544689de66a24e2ca2f) Importer(815301076,1909f56bfc062723c751e8b465ee728b)
Start importing Assets/Animations using Guid(a7e2368731769544689de66a24e2ca2f) Importer(815301076,1909f56bfc062723c751e8b465ee728b)  -> (artifact id: 'a029b527d69fbc0f9b3cb16a070f564e') in 0.016292 seconds
  Import took 0.019817 seconds .

========================================================================
Received Import Request.
  Time since last request: 2.555875 seconds.
  path: Assets/Fox/Animations/Fox_ Animator_Controller.controller
  artifactKey: Guid(0c5b7ffa0a986b24ea0ddfc7e545c76b) Importer(815301076,1909f56bfc062723c751e8b465ee728b)
Start importing Assets/Fox/Animations/Fox_ Animator_Controller.controller using Guid(0c5b7ffa0a986b24ea0ddfc7e545c76b) Importer(815301076,1909f56bfc062723c751e8b465ee728b)  -> (artifact id: 'c0e63d555176d74acb975aa7c16036cd') in 0.148017 seconds
  Import took 0.156083 seconds .

========================================================================
Received Import Request.
  Time since last request: 9.684407 seconds.
  path: Assets/Fox/FBXs/Fox_End.anim
  artifactKey: Guid(c4784d637851cd240bb0213a667fbbe3) Importer(815301076,1909f56bfc062723c751e8b465ee728b)
Start importing Assets/Fox/FBXs/Fox_End.anim using Guid(c4784d637851cd240bb0213a667fbbe3) Importer(815301076,1909f56bfc062723c751e8b465ee728b)  -> (artifact id: 'd29291578dbd1954afba641cd5cf2a05') in 0.253754 seconds
  Import took 0.257802 seconds .

========================================================================
Received Import Request.
  Time since last request: 58.447639 seconds.
  path: Assets/Prefabs
  artifactKey: Guid(0dc3ba805c004874f84870230f3d3f33) Importer(815301076,1909f56bfc062723c751e8b465ee728b)
Start importing Assets/Prefabs using Guid(0dc3ba805c004874f84870230f3d3f33) Importer(815301076,1909f56bfc062723c751e8b465ee728b)  -> (artifact id: '6e248c859b96b0fadbff0bd112c61bfd') in 0.010633 seconds
  Import took 0.014174 seconds .

========================================================================
Received Import Request.
  Time since last request: 76.073946 seconds.
  path: Assets/FollowCamera.cs
  artifactKey: Guid(ed42d08a140553f49ae2be3b6f4d21a5) Importer(815301076,1909f56bfc062723c751e8b465ee728b)
Start importing Assets/FollowCamera.cs using Guid(ed42d08a140553f49ae2be3b6f4d21a5) Importer(815301076,1909f56bfc062723c751e8b465ee728b)  -> (artifact id: '4c4922849faa4b44bc01ff193bc8a50c') in 0.010108 seconds
  Import took 0.014305 seconds .

========================================================================
Received Import Request.
  Time since last request: 1.158363 seconds.
  path: Assets/FinishZone.cs
  artifactKey: Guid(a713a9be1b8e9f447bcbccb77686cf9e) Importer(815301076,1909f56bfc062723c751e8b465ee728b)
Start importing Assets/FinishZone.cs using Guid(a713a9be1b8e9f447bcbccb77686cf9e) Importer(815301076,1909f56bfc062723c751e8b465ee728b)  -> (artifact id: '518bce2c2d9cdd8f2859b8f071111387') in 0.009694 seconds
  Import took 0.013546 seconds .

========================================================================
Received Prepare
Registering precompiled user dll's ...
Registered in 0.008424 seconds.
Begin MonoManager ReloadAssembly
Native extension for WindowsStandalone target not found
Refreshing native plugins compatible for Editor in 0.50 ms, found 2 plugins.
Preloading 0 native plugins for Editor in 0.00 ms.
Mono: successfully reloaded assembly
- Completed reload, in  1.591 seconds
Platform modules already initialized, skipping
Switching build target platform(19) subTarget(0) extendedPlatform(0) -> platform(13) subTarget(537395200) extendedPlatform(0)
Refreshing native plugins compatible for Editor in 0.53 ms, found 2 plugins.
Preloading 0 native plugins for Editor in 0.00 ms.
Unloading 1403 Unused Serialized files (Serialized files now loaded: 0)
System memory in use before: 166.9 MB.
System memory in use after: 167.0 MB.

Unloading 13 unused Assets to reduce memory usage. Loaded Objects now: 1930.
Total: 2.714200 ms (FindLiveObjects: 0.253000 ms CreateObjectMapping: 0.077500 ms MarkObjects: 2.301400 ms  DeleteObjects: 0.080500 ms)

AssetImportParameters requested are different than current active one (requested -> active):
  custom:graphics/normal-map-encoding: 01000000000000000000000000000000 -> 02000000000000000000000000000000
========================================================================
Received Import Request.
  Time since last request: 14.977066 seconds.
  path: Assets/sheep_move.anim
  artifactKey: Guid(9c2c640f5e8e5004587ee6d5b96c1f09) Importer(815301076,1909f56bfc062723c751e8b465ee728b)
Start importing Assets/sheep_move.anim using Guid(9c2c640f5e8e5004587ee6d5b96c1f09) Importer(815301076,1909f56bfc062723c751e8b465ee728b)  -> (artifact id: '50ca8111ecc3525bbd92dcf9643f38dc') in 0.028963 seconds
  Import took 0.034234 seconds .

========================================================================
Received Import Request.
  Time since last request: 0.004843 seconds.
  path: Assets/sheep_move.anim
  artifactKey: Guid(9c2c640f5e8e5004587ee6d5b96c1f09) Importer(815301076,1909f56bfc062723c751e8b465ee728b)
Start importing Assets/sheep_move.anim using Guid(9c2c640f5e8e5004587ee6d5b96c1f09) Importer(815301076,1909f56bfc062723c751e8b465ee728b)  -> (artifact id: '50ca8111ecc3525bbd92dcf9643f38dc') in 0.005456 seconds
  Import took 0.009484 seconds .

========================================================================
Received Import Request.
  Time since last request: 0.286350 seconds.
  path: Assets/sheep_idle.anim
  artifactKey: Guid(302963d41b200dc4b9137e847a60bcd6) Importer(815301076,1909f56bfc062723c751e8b465ee728b)
Start importing Assets/sheep_idle.anim using Guid(302963d41b200dc4b9137e847a60bcd6) Importer(815301076,1909f56bfc062723c751e8b465ee728b)  -> (artifact id: '8a93b3a9f73ad2c5fb88ca564b5efd5b') in 0.010062 seconds
  Import took 0.013957 seconds .

========================================================================
Received Import Request.
  Time since last request: 10.583448 seconds.
  path: Assets/Level5.unity
  artifactKey: Guid(70249780f24b4564ea6021da9c76b0e8) Importer(815301076,1909f56bfc062723c751e8b465ee728b)
Start importing Assets/Level5.unity using Guid(70249780f24b4564ea6021da9c76b0e8) Importer(815301076,1909f56bfc062723c751e8b465ee728b)  -> (artifact id: 'f398b3ababf7fd2c37ac4179d45b1d51') in 0.010864 seconds
  Import took 0.014759 seconds .

========================================================================
Received Import Request.
  Time since last request: 1.293139 seconds.
  path: Assets/Level2.unity
  artifactKey: Guid(fdb40a73d7b456448be09dfefd5ac110) Importer(815301076,1909f56bfc062723c751e8b465ee728b)
Start importing Assets/Level2.unity using Guid(fdb40a73d7b456448be09dfefd5ac110) Importer(815301076,1909f56bfc062723c751e8b465ee728b)  -> (artifact id: '25523bfce7df637d5f62d8c9fbbe8bd9') in 0.010690 seconds
  Import took 0.015250 seconds .

========================================================================
Received Import Request.
  Time since last request: 0.003073 seconds.
  path: Assets/Level2.unity
  artifactKey: Guid(fdb40a73d7b456448be09dfefd5ac110) Importer(815301076,1909f56bfc062723c751e8b465ee728b)
Start importing Assets/Level2.unity using Guid(fdb40a73d7b456448be09dfefd5ac110) Importer(815301076,1909f56bfc062723c751e8b465ee728b)  -> (artifact id: '25523bfce7df637d5f62d8c9fbbe8bd9') in 0.004487 seconds
  Import took 0.008031 seconds .

========================================================================
Received Import Request.
  Time since last request: 10.512119 seconds.
  path: Assets/Scenes/StartScreen
  artifactKey: Guid(cf56e09d38dbc904abe5352d6eacda59) Importer(815301076,1909f56bfc062723c751e8b465ee728b)
Start importing Assets/Scenes/StartScreen using Guid(cf56e09d38dbc904abe5352d6eacda59) Importer(815301076,1909f56bfc062723c751e8b465ee728b)  -> (artifact id: 'cdb0d8327e2b880c82ddd5caed4f399f') in 0.013426 seconds
  Import took 0.018468 seconds .

========================================================================
Received Import Request.
  Time since last request: 0.001895 seconds.
  path: Assets/Scenes/StartScreen
  artifactKey: Guid(cf56e09d38dbc904abe5352d6eacda59) Importer(815301076,1909f56bfc062723c751e8b465ee728b)
Start importing Assets/Scenes/StartScreen using Guid(cf56e09d38dbc904abe5352d6eacda59) Importer(815301076,1909f56bfc062723c751e8b465ee728b)  -> (artifact id: 'cdb0d8327e2b880c82ddd5caed4f399f') in 0.005079 seconds
  Import took 0.009063 seconds .

========================================================================
Received Import Request.
  Time since last request: 45.123990 seconds.
  path: Assets/PanelScore.prefab
  artifactKey: Guid(ae81bbd2b5b2381418749c5f1a416f66) Importer(815301076,1909f56bfc062723c751e8b465ee728b)
Start importing Assets/PanelScore.prefab using Guid(ae81bbd2b5b2381418749c5f1a416f66) Importer(815301076,1909f56bfc062723c751e8b465ee728b)  -> (artifact id: 'b1df608b44830e917d92115e42484968') in 0.088892 seconds
  Import took 0.092903 seconds .

AssetImportWorkerClient::OnTransportError - code=2 error=End of file
